<?xml version="1.0" encoding="UTF-8"?>
<testsuite xmlns:xsi="http://www.w3.org/2001/XMLSchema-instance" xsi:noNamespaceSchemaLocation="https://maven.apache.org/surefire/maven-surefire-plugin/xsd/surefire-test-report.xsd" name="pl.edu.pw.ee.aisd2023zlab4.RbtMapTest" time="0.088" tests="4" errors="0" skipped="0" failures="0">
  <properties>
    <property name="java.specification.version" value="20"/>
    <property name="sun.jnu.encoding" value="UTF-8"/>
    <property name="java.class.path" value="/Users/mikolajguzek-szopa/AlgorytmyIStrukturyDanych/2023Z_AISD_git_GR2_gr24/AiSD2023ZLab4/target/test-classes:/Users/mikolajguzek-szopa/AlgorytmyIStrukturyDanych/2023Z_AISD_git_GR2_gr24/AiSD2023ZLab4/target/classes:/Users/mikolajguzek-szopa/.m2/repository/org/junit/jupiter/junit-jupiter/5.8.1/junit-jupiter-5.8.1.jar:/Users/mikolajguzek-szopa/.m2/repository/org/junit/jupiter/junit-jupiter-api/5.8.1/junit-jupiter-api-5.8.1.jar:/Users/mikolajguzek-szopa/.m2/repository/org/opentest4j/opentest4j/1.2.0/opentest4j-1.2.0.jar:/Users/mikolajguzek-szopa/.m2/repository/org/junit/platform/junit-platform-commons/1.8.1/junit-platform-commons-1.8.1.jar:/Users/mikolajguzek-szopa/.m2/repository/org/junit/jupiter/junit-jupiter-params/5.8.1/junit-jupiter-params-5.8.1.jar:/Users/mikolajguzek-szopa/.m2/repository/org/junit/jupiter/junit-jupiter-engine/5.8.1/junit-jupiter-engine-5.8.1.jar:/Users/mikolajguzek-szopa/.m2/repository/org/junit/vintage/junit-vintage-engine/5.8.1/junit-vintage-engine-5.8.1.jar:/Users/mikolajguzek-szopa/.m2/repository/org/junit/platform/junit-platform-engine/1.8.1/junit-platform-engine-1.8.1.jar:/Users/mikolajguzek-szopa/.m2/repository/junit/junit/4.13.2/junit-4.13.2.jar:/Users/mikolajguzek-szopa/.m2/repository/org/hamcrest/hamcrest-core/1.3/hamcrest-core-1.3.jar:/Users/mikolajguzek-szopa/.m2/repository/org/apiguardian/apiguardian-api/1.1.2/apiguardian-api-1.1.2.jar:/Users/mikolajguzek-szopa/.m2/repository/org/assertj/assertj-core/3.11.1/assertj-core-3.11.1.jar:/Users/mikolajguzek-szopa/.m2/repository/org/mockito/mockito-core/4.0.0/mockito-core-4.0.0.jar:/Users/mikolajguzek-szopa/.m2/repository/net/bytebuddy/byte-buddy/1.11.19/byte-buddy-1.11.19.jar:/Users/mikolajguzek-szopa/.m2/repository/net/bytebuddy/byte-buddy-agent/1.11.19/byte-buddy-agent-1.11.19.jar:/Users/mikolajguzek-szopa/.m2/repository/org/objenesis/objenesis/3.2/objenesis-3.2.jar:"/>
    <property name="java.vm.vendor" value="Oracle Corporation"/>
    <property name="sun.arch.data.model" value="64"/>
    <property name="java.vendor.url" value="https://java.oracle.com/"/>
    <property name="os.name" value="Mac OS X"/>
    <property name="java.vm.specification.version" value="20"/>
    <property name="sun.java.launcher" value="SUN_STANDARD"/>
    <property name="user.country" value="PL"/>
    <property name="sun.boot.library.path" value="/Users/mikolajguzek-szopa/Downloads/jdk-20.0.1.jdk/Contents/Home/lib"/>
    <property name="sun.java.command" value="/Users/mikolajguzek-szopa/AlgorytmyIStrukturyDanych/2023Z_AISD_git_GR2_gr24/AiSD2023ZLab4/target/surefire/surefirebooter17457032513835336547.jar /Users/mikolajguzek-szopa/AlgorytmyIStrukturyDanych/2023Z_AISD_git_GR2_gr24/AiSD2023ZLab4/target/surefire 2023-11-18T18-06-25_882-jvmRun1 surefire13305699895341984745tmp surefire_09053262297684209984tmp"/>
    <property name="http.nonProxyHosts" value="local|*.local|169.254/16|*.169.254/16"/>
    <property name="jdk.debug" value="release"/>
    <property name="surefire.test.class.path" value="/Users/mikolajguzek-szopa/AlgorytmyIStrukturyDanych/2023Z_AISD_git_GR2_gr24/AiSD2023ZLab4/target/test-classes:/Users/mikolajguzek-szopa/AlgorytmyIStrukturyDanych/2023Z_AISD_git_GR2_gr24/AiSD2023ZLab4/target/classes:/Users/mikolajguzek-szopa/.m2/repository/org/junit/jupiter/junit-jupiter/5.8.1/junit-jupiter-5.8.1.jar:/Users/mikolajguzek-szopa/.m2/repository/org/junit/jupiter/junit-jupiter-api/5.8.1/junit-jupiter-api-5.8.1.jar:/Users/mikolajguzek-szopa/.m2/repository/org/opentest4j/opentest4j/1.2.0/opentest4j-1.2.0.jar:/Users/mikolajguzek-szopa/.m2/repository/org/junit/platform/junit-platform-commons/1.8.1/junit-platform-commons-1.8.1.jar:/Users/mikolajguzek-szopa/.m2/repository/org/junit/jupiter/junit-jupiter-params/5.8.1/junit-jupiter-params-5.8.1.jar:/Users/mikolajguzek-szopa/.m2/repository/org/junit/jupiter/junit-jupiter-engine/5.8.1/junit-jupiter-engine-5.8.1.jar:/Users/mikolajguzek-szopa/.m2/repository/org/junit/vintage/junit-vintage-engine/5.8.1/junit-vintage-engine-5.8.1.jar:/Users/mikolajguzek-szopa/.m2/repository/org/junit/platform/junit-platform-engine/1.8.1/junit-platform-engine-1.8.1.jar:/Users/mikolajguzek-szopa/.m2/repository/junit/junit/4.13.2/junit-4.13.2.jar:/Users/mikolajguzek-szopa/.m2/repository/org/hamcrest/hamcrest-core/1.3/hamcrest-core-1.3.jar:/Users/mikolajguzek-szopa/.m2/repository/org/apiguardian/apiguardian-api/1.1.2/apiguardian-api-1.1.2.jar:/Users/mikolajguzek-szopa/.m2/repository/org/assertj/assertj-core/3.11.1/assertj-core-3.11.1.jar:/Users/mikolajguzek-szopa/.m2/repository/org/mockito/mockito-core/4.0.0/mockito-core-4.0.0.jar:/Users/mikolajguzek-szopa/.m2/repository/net/bytebuddy/byte-buddy/1.11.19/byte-buddy-1.11.19.jar:/Users/mikolajguzek-szopa/.m2/repository/net/bytebuddy/byte-buddy-agent/1.11.19/byte-buddy-agent-1.11.19.jar:/Users/mikolajguzek-szopa/.m2/repository/org/objenesis/objenesis/3.2/objenesis-3.2.jar:"/>
    <property name="sun.cpu.endian" value="little"/>
    <property name="user.home" value="/Users/mikolajguzek-szopa"/>
    <property name="user.language" value="pl"/>
    <property name="java.specification.vendor" value="Oracle Corporation"/>
    <property name="java.version.date" value="2023-04-18"/>
    <property name="java.home" value="/Users/mikolajguzek-szopa/Downloads/jdk-20.0.1.jdk/Contents/Home"/>
    <property name="file.separator" value="/"/>
    <property name="basedir" value="/Users/mikolajguzek-szopa/AlgorytmyIStrukturyDanych/2023Z_AISD_git_GR2_gr24/AiSD2023ZLab4"/>
    <property name="java.vm.compressedOopsMode" value="Zero based"/>
    <property name="line.separator" value="&#10;"/>
    <property name="java.vm.specification.vendor" value="Oracle Corporation"/>
    <property name="java.specification.name" value="Java Platform API Specification"/>
    <property name="apple.awt.application.name" value="ForkedBooter"/>
    <property name="surefire.real.class.path" value="/Users/mikolajguzek-szopa/AlgorytmyIStrukturyDanych/2023Z_AISD_git_GR2_gr24/AiSD2023ZLab4/target/surefire/surefirebooter17457032513835336547.jar"/>
    <property name="sun.management.compiler" value="HotSpot 64-Bit Tiered Compilers"/>
    <property name="ftp.nonProxyHosts" value="local|*.local|169.254/16|*.169.254/16"/>
    <property name="java.runtime.version" value="20.0.1+9-29"/>
    <property name="user.name" value="mikolajguzek-szopa"/>
    <property name="stdout.encoding" value="UTF-8"/>
    <property name="path.separator" value=":"/>
    <property name="os.version" value="13.0"/>
    <property name="java.runtime.name" value="Java(TM) SE Runtime Environment"/>
    <property name="file.encoding" value="UTF-8"/>
    <property name="java.vm.name" value="Java HotSpot(TM) 64-Bit Server VM"/>
    <property name="localRepository" value="/Users/mikolajguzek-szopa/.m2/repository"/>
    <property name="java.vendor.url.bug" value="https://bugreport.java.com/bugreport/"/>
    <property name="java.io.tmpdir" value="/var/folders/s8/mvh2jtyn2nl4n22gr3hry3qw0000gn/T/"/>
    <property name="idea.version" value="2022.1.3"/>
    <property name="java.version" value="20.0.1"/>
    <property name="user.dir" value="/Users/mikolajguzek-szopa/AlgorytmyIStrukturyDanych/2023Z_AISD_git_GR2_gr24/AiSD2023ZLab4"/>
    <property name="os.arch" value="x86_64"/>
    <property name="java.vm.specification.name" value="Java Virtual Machine Specification"/>
    <property name="native.encoding" value="UTF-8"/>
    <property name="java.library.path" value="/Users/mikolajguzek-szopa/Library/Java/Extensions:/Library/Java/Extensions:/Network/Library/Java/Extensions:/System/Library/Java/Extensions:/usr/lib/java:."/>
    <property name="java.vm.info" value="mixed mode, sharing"/>
    <property name="stderr.encoding" value="UTF-8"/>
    <property name="java.vendor" value="Oracle Corporation"/>
    <property name="java.vm.version" value="20.0.1+9-29"/>
    <property name="sun.io.unicode.encoding" value="UnicodeBig"/>
    <property name="socksNonProxyHosts" value="local|*.local|169.254/16|*.169.254/16"/>
    <property name="java.class.version" value="64.0"/>
  </properties>
  <testcase name="shouldCreateCorrectTree_AndGetValues" classname="pl.edu.pw.ee.aisd2023zlab4.RbtMapTest" time="0.008"/>
  <testcase name="shouldCreateBalancedTree" classname="pl.edu.pw.ee.aisd2023zlab4.RbtMapTest" time="0.074"/>
  <testcase name="shouldDeleteValuesCorrectly" classname="pl.edu.pw.ee.aisd2023zlab4.RbtMapTest" time="0.001"/>
  <testcase name="rootShouldAlwaysBeBlack" classname="pl.edu.pw.ee.aisd2023zlab4.RbtMapTest" time="0"/>
</testsuite>